<?xml version="1.0" encoding="UTF-8"?>
<!-- Generated by org.testng.reporters.JUnitReportReporter -->
<testsuite skipped="0" hostname="admins-MacBook-Pro.local" name="homepageTests.Lighthouse" tests="1" failures="0" timestamp="2022-07-21T19:21:46 IST" time="23.923" errors="0">
  <testcase name="abpreport" time="23.923" classname="homepageTests.Lighthouse"/>
  <system-out/>
</testsuite> <!-- homepageTests.Lighthouse -->
