<?xml version="1.0" encoding="UTF-8"?>
<!-- Generated by org.testng.reporters.JUnitReportReporter -->
<testsuite skipped="0" hostname="admins-MacBook-Pro.local" name="homepageTests.homepagetiteltest" tests="1" failures="0" timestamp="2022-07-08T11:55:41 IST" time="1.378" errors="0">
  <testcase name="TCTCPLP_06" time="1.378" classname="homepageTests.homepagetiteltest"/>
  <system-out>
    <![CDATA[Path is Displayed.]]>
  </system-out>
</testsuite> <!-- homepageTests.homepagetiteltest -->
